2023-02-26T10:29:48.636172732-03:00 [INFO] SOIDSADA
2023-02-26T10:29:48.911101243-03:00 [INFO] SOIDSADA
2023-02-26T10:29:49.095025330-03:00 [INFO] SOIDSADA
2023-02-26T10:29:49.319126284-03:00 [INFO] SOIDSADA
2023-02-26T10:30:43.802550627-03:00 [INFO] SOIDSADA
2023-02-26T10:30:47.500816171-03:00 [INFO] SOIDSADA
2023-02-26T10:30:48.743675941-03:00 [INFO] SOIDSADA
2023-02-26T10:30:48.992665461-03:00 [INFO] SOIDSADA
2023-02-26T10:30:49.246793604-03:00 [INFO] SOIDSADA
2023-02-26T10:30:49.499128883-03:00 [INFO] SOIDSADA
2023-02-26T10:30:49.754768354-03:00 [INFO] SOIDSADA
2023-02-26T10:30:50.007053207-03:00 [INFO] SOIDSADA
2023-02-26T10:30:50.256663023-03:00 [INFO] SOIDSADA
2023-02-26T10:30:55.776311839-03:00 [INFO] SOIDSADA
2023-02-26T10:30:56.028133911-03:00 [INFO] SOIDSADA
2023-02-26T10:30:56.278167039-03:00 [INFO] SOIDSADA
2023-02-26T10:30:56.529035417-03:00 [INFO] SOIDSADA
2023-02-26T10:30:59.329645105-03:00 [INFO] SOIDSADA
2023-02-26T10:30:59.758483995-03:00 [INFO] SOIDSADA
2023-02-26T10:31:00.249806217-03:00 [INFO] SOIDSADA
2023-02-26T10:34:19.423943039-03:00 [INFO] SOIDSADA
2023-02-26T10:34:25.024026051-03:00 [INFO] SOIDSADA
2023-02-26T10:34:25.027897670-03:00 [INFO] Added command
2023-02-26T10:34:25.028004949-03:00 [INFO] Init runned
2023-02-26T10:34:25.028130038-03:00 [INFO] command 0
2023-02-26T10:34:27.240458634-03:00 [INFO] SOIDSADA
2023-02-26T10:34:27.240728159-03:00 [INFO] Added command
2023-02-26T10:34:27.240830759-03:00 [INFO] Init runned
2023-02-26T10:34:27.240893268-03:00 [INFO] command 0
2023-02-26T10:34:29.451039843-03:00 [INFO] SOIDSADA
2023-02-26T10:34:29.451327248-03:00 [INFO] Added command
2023-02-26T10:34:29.451381167-03:00 [INFO] Init runned
2023-02-26T10:34:29.451464211-03:00 [INFO] command 0
2023-02-26T10:34:31.441940045-03:00 [INFO] SOIDSADA
2023-02-26T10:34:31.442185963-03:00 [INFO] Added command
2023-02-26T10:34:31.442221024-03:00 [INFO] Init runned
2023-02-26T10:34:31.442303998-03:00 [INFO] command 0
2023-02-26T10:34:31.903079637-03:00 [INFO] SOIDSADA
2023-02-26T10:34:31.903297687-03:00 [INFO] Added command
2023-02-26T10:34:31.903348812-03:00 [INFO] Init runned
2023-02-26T10:34:31.903396306-03:00 [INFO] command 0
2023-02-26T10:34:32.500120667-03:00 [INFO] SOIDSADA
2023-02-26T10:34:32.500367842-03:00 [INFO] Added command
2023-02-26T10:34:32.500413590-03:00 [INFO] Init runned
2023-02-26T10:34:32.500450886-03:00 [INFO] command 0
2023-02-26T10:34:33.061974196-03:00 [INFO] SOIDSADA
2023-02-26T10:34:33.062191338-03:00 [INFO] Added command
2023-02-26T10:34:33.062246095-03:00 [INFO] Init runned
2023-02-26T10:34:33.062296662-03:00 [INFO] command 0
2023-02-26T10:35:07.029914027-03:00 [INFO] SOIDSADA
2023-02-26T10:35:07.030169514-03:00 [INFO] Added command
2023-02-26T10:35:07.030220988-03:00 [INFO] Init runned
2023-02-26T10:35:07.030256399-03:00 [INFO] command 0
2023-02-26T10:35:14.299408490-03:00 [INFO]  ---- begin -----
2023-02-26T10:35:17.328091528-03:00 [INFO] SOIDSADA
2023-02-26T10:35:17.328401981-03:00 [INFO] Added command
2023-02-26T10:35:17.328452059-03:00 [INFO] Init runned
2023-02-26T10:35:17.328550259-03:00 [INFO] command 0
2023-02-26T10:35:17.328608927-03:00 [INFO]  ---- end -----
2023-02-26T10:35:17.336194465-03:00 [INFO]  ---- begin -----
2023-02-26T10:35:31.190581592-03:00 [INFO] SOIDSADA
2023-02-26T10:35:31.190840640-03:00 [INFO] Added command
2023-02-26T10:35:31.190898820-03:00 [INFO] Init runned
2023-02-26T10:35:31.190940726-03:00 [INFO] command 0
2023-02-26T10:35:31.190978022-03:00 [INFO]  ---- end -----
2023-02-26T10:35:36.667186334-03:00 [INFO] 

 ---- begin -----
2023-02-26T10:35:38.918673638-03:00 [INFO] SOIDSADA
2023-02-26T10:35:38.918937436-03:00 [INFO] Added command
2023-02-26T10:35:38.918987654-03:00 [INFO] Init runned
2023-02-26T10:35:38.919064202-03:00 [INFO] command 0
2023-02-26T10:35:38.919090533-03:00 [INFO]  ---- end -----
2023-02-26T10:35:38.926084990-03:00 [INFO] 

 ---- begin -----
2023-02-26T10:35:41.528153678-03:00 [INFO] SOIDSADA
2023-02-26T10:35:41.528369355-03:00 [INFO] Added command
2023-02-26T10:35:41.528428372-03:00 [INFO] Init runned
2023-02-26T10:35:41.528477053-03:00 [INFO] command 0
2023-02-26T10:35:41.528548922-03:00 [INFO]  ---- end -----
2023-02-26T10:35:41.556098751-03:00 [INFO] 

 ---- begin -----
2023-02-26T10:36:01.664905208-03:00 [INFO] SOIDSADA
2023-02-26T10:36:01.665153710-03:00 [INFO] Added command
2023-02-26T10:36:01.665237103-03:00 [INFO] Init runned
2023-02-26T10:36:01.665295283-03:00 [INFO] command 0
2023-02-26T10:36:01.665344522-03:00 [INFO]  ---- end -----
2023-02-26T10:36:01.682517109-03:00 [INFO] 

 ---- begin -----
2023-02-26T10:36:02.262673019-03:00 [INFO] SOIDSADA
2023-02-26T10:36:02.262897495-03:00 [INFO] Added command
2023-02-26T10:36:02.262941636-03:00 [INFO] Init runned
2023-02-26T10:36:02.262983053-03:00 [INFO] command 0
2023-02-26T10:36:02.263023213-03:00 [INFO]  ---- end -----
2023-02-26T10:36:02.278888892-03:00 [INFO] 

 ---- begin -----
2023-02-26T10:36:03.182743245-03:00 [INFO] SOIDSADA
2023-02-26T10:36:03.183005087-03:00 [INFO] Added command
2023-02-26T10:36:03.183067597-03:00 [INFO] Init runned
2023-02-26T10:36:03.183172991-03:00 [INFO] command 0
2023-02-26T10:36:03.183227957-03:00 [INFO]  ---- end -----
2023-02-26T10:36:03.199592178-03:00 [INFO] 

 ---- begin -----
2023-02-26T10:36:05.547781025-03:00 [INFO] SOIDSADA
2023-02-26T10:36:05.548083866-03:00 [INFO] Added command
2023-02-26T10:36:05.548145887-03:00 [INFO] Init runned
2023-02-26T10:36:05.548282780-03:00 [INFO] command 0
2023-02-26T10:36:05.548355207-03:00 [INFO]  ---- end -----
2023-02-26T10:36:05.565153015-03:00 [INFO] 

 ---- begin -----
2023-02-26T10:36:05.620025841-03:00 [DEBUG] starting new connection: https://test-tuirs.free.beeceptor.com/
2023-02-26T10:36:11.645975840-03:00 [INFO] SOIDSADA
2023-02-26T10:36:11.646223155-03:00 [INFO] Added command
2023-02-26T10:36:11.646278122-03:00 [INFO] Init runned
2023-02-26T10:36:11.646373039-03:00 [INFO] command 0
2023-02-26T10:36:11.646426819-03:00 [INFO]  ---- end -----
2023-02-26T10:36:11.661268945-03:00 [INFO] 

 ---- begin -----
2023-02-26T10:36:19.819218471-03:00 [INFO] SOIDSADA
2023-02-26T10:36:19.819481431-03:00 [INFO] Added command
2023-02-26T10:36:19.819547224-03:00 [INFO] Init runned
2023-02-26T10:36:19.819650103-03:00 [INFO] command 0
2023-02-26T10:36:19.819711425-03:00 [INFO]  ---- end -----
2023-02-26T10:36:19.827302278-03:00 [INFO] 

 ---- begin -----
2023-02-26T10:36:20.208263520-03:00 [INFO] SOIDSADA
2023-02-26T10:36:20.208486810-03:00 [INFO] Added command
2023-02-26T10:36:20.208562240-03:00 [INFO] Init runned
2023-02-26T10:36:20.208672942-03:00 [INFO] command 0
2023-02-26T10:36:20.208724766-03:00 [INFO]  ---- end -----
2023-02-26T10:36:20.215992035-03:00 [INFO] 

 ---- begin -----
2023-02-26T10:36:42.273449979-03:00 [INFO] SOIDSADA
2023-02-26T10:36:42.273682697-03:00 [INFO] Added command
2023-02-26T10:36:42.273748490-03:00 [INFO] Init runned
2023-02-26T10:36:42.273804504-03:00 [INFO] command 0
2023-02-26T10:36:42.273856328-03:00 [INFO]  ---- end -----
2023-02-26T10:36:51.904014440-03:00 [INFO] 

 ---- begin -----
2023-02-26T10:36:56.509123625-03:00 [INFO] SOIDSADA
2023-02-26T10:36:56.509633202-03:00 [INFO] Added command
2023-02-26T10:36:56.509686423-03:00 [INFO] Init runned
2023-02-26T10:36:56.509776032-03:00 [INFO] command 0
2023-02-26T10:36:56.509821500-03:00 [INFO]  ---- end -----
2023-02-26T10:36:56.517083952-03:00 [INFO] 

 ---- begin -----
2023-02-26T10:36:57.873381399-03:00 [INFO] SOIDSADA
2023-02-26T10:36:57.873629413-03:00 [INFO] Added command
2023-02-26T10:36:57.873680888-03:00 [INFO] Init runned
2023-02-26T10:36:57.873724260-03:00 [INFO] command 0
2023-02-26T10:36:57.873765678-03:00 [INFO]  ---- end -----
2023-02-26T10:36:57.881254563-03:00 [INFO] 

 ---- begin -----
2023-02-26T10:36:58.384411545-03:00 [INFO] SOIDSADA
2023-02-26T10:36:58.384669616-03:00 [INFO] Added command
2023-02-26T10:36:58.384723046-03:00 [INFO] Init runned
2023-02-26T10:36:58.384775429-03:00 [INFO] command 0
2023-02-26T10:36:58.384824180-03:00 [INFO]  ---- end -----
2023-02-26T10:36:58.392456733-03:00 [INFO] 

 ---- begin -----
2023-02-26T10:36:58.655175765-03:00 [INFO] SOIDSADA
2023-02-26T10:36:58.655361967-03:00 [INFO] Added command
2023-02-26T10:36:58.655381454-03:00 [INFO] Init runned
2023-02-26T10:36:58.655456885-03:00 [INFO] command 0
2023-02-26T10:36:58.655478117-03:00 [INFO]  ---- end -----
2023-02-26T10:36:58.661758293-03:00 [INFO] 

 ---- begin -----
2023-02-26T10:36:58.859248441-03:00 [INFO] SOIDSADA
2023-02-26T10:36:58.859467540-03:00 [INFO] Added command
2023-02-26T10:36:58.859516709-03:00 [INFO] Init runned
2023-02-26T10:36:58.859568533-03:00 [INFO] command 0
2023-02-26T10:36:58.859615747-03:00 [INFO]  ---- end -----
2023-02-26T10:36:58.868234209-03:00 [INFO] 

 ---- begin -----
2023-02-26T10:36:59.047277328-03:00 [INFO] SOIDSADA
2023-02-26T10:36:59.047522339-03:00 [INFO] Added command
2023-02-26T10:36:59.047576048-03:00 [INFO] Init runned
2023-02-26T10:36:59.047628570-03:00 [INFO] command 0
2023-02-26T10:36:59.047676134-03:00 [INFO]  ---- end -----
2023-02-26T10:36:59.055422322-03:00 [INFO] 

 ---- begin -----
2023-02-26T10:36:59.319355374-03:00 [INFO] SOIDSADA
2023-02-26T10:36:59.319581108-03:00 [INFO] Added command
2023-02-26T10:36:59.319633630-03:00 [INFO] Init runned
2023-02-26T10:36:59.319688388-03:00 [INFO] command 0
2023-02-26T10:36:59.319736789-03:00 [INFO]  ---- end -----
2023-02-26T10:36:59.328213609-03:00 [INFO] 

 ---- begin -----
2023-02-26T10:36:59.932437650-03:00 [INFO] SOIDSADA
2023-02-26T10:36:59.932657447-03:00 [INFO] Added command
2023-02-26T10:36:59.932706198-03:00 [INFO] Init runned
2023-02-26T10:36:59.932805934-03:00 [INFO] command 0
2023-02-26T10:36:59.932861669-03:00 [INFO]  ---- end -----
2023-02-26T10:36:59.939693608-03:00 [INFO] 

 ---- begin -----
2023-02-26T10:37:00.698142216-03:00 [INFO] SOIDSADA
2023-02-26T10:37:00.698348603-03:00 [INFO] Added command
2023-02-26T10:37:00.698402732-03:00 [INFO] Init runned
2023-02-26T10:37:00.698530895-03:00 [INFO] command 0
2023-02-26T10:37:00.698595220-03:00 [INFO]  ---- end -----
2023-02-26T10:37:00.705010683-03:00 [INFO] 

 ---- begin -----
2023-02-26T10:37:00.918009904-03:00 [INFO] SOIDSADA
2023-02-26T10:37:00.918188354-03:00 [INFO] Added command
2023-02-26T10:37:00.918239479-03:00 [INFO] Init runned
2023-02-26T10:37:00.918323361-03:00 [INFO] command 0
2023-02-26T10:37:00.918382099-03:00 [INFO]  ---- end -----
2023-02-26T10:37:00.926410874-03:00 [INFO] 

 ---- begin -----
2023-02-26T10:37:03.405558293-03:00 [INFO] SOIDSADA
2023-02-26T10:37:03.405808052-03:00 [INFO] Added command
2023-02-26T10:37:03.405861832-03:00 [INFO] Init runned
2023-02-26T10:37:03.406252117-03:00 [INFO] command 0
2023-02-26T10:37:03.406311483-03:00 [INFO]  ---- end -----
2023-02-26T10:37:03.413701331-03:00 [INFO] 

 ---- begin -----
2023-02-26T10:37:05.789969596-03:00 [INFO] SOIDSADA
2023-02-26T10:37:05.790170396-03:00 [INFO] Added command
2023-02-26T10:37:05.790224873-03:00 [INFO] Init runned
2023-02-26T10:37:05.790340464-03:00 [INFO] command 0
2023-02-26T10:37:05.790407234-03:00 [INFO]  ---- end -----
2023-02-26T10:37:05.798783550-03:00 [INFO] 

 ---- begin -----
2023-02-26T10:37:06.229614479-03:00 [DEBUG] starting new connection: https://test-tuirs.free.beeceptor.com/
2023-02-26T10:37:06.899497759-03:00 [INFO] SOIDSADA
2023-02-26T10:37:06.899742629-03:00 [INFO] Added command
2023-02-26T10:37:06.899840759-03:00 [INFO] Init runned
2023-02-26T10:37:06.899908368-03:00 [INFO] command 0
2023-02-26T10:37:06.899964033-03:00 [INFO]  ---- end -----
2023-02-26T10:37:06.905631683-03:00 [INFO] 

 ---- begin -----
2023-02-26T10:37:11.153845631-03:00 [INFO] SOIDSADA
2023-02-26T10:37:11.154102515-03:00 [INFO] Added command
2023-02-26T10:37:11.154154269-03:00 [INFO] Init runned
2023-02-26T10:37:11.154255682-03:00 [INFO] command 0
2023-02-26T10:37:11.154317144-03:00 [INFO]  ---- end -----
2023-02-26T10:37:11.161717608-03:00 [INFO] 

 ---- begin -----
2023-02-26T10:37:12.360884775-03:00 [INFO] SOIDSADA
2023-02-26T10:37:12.361145500-03:00 [INFO] Added command
2023-02-26T10:37:12.361231337-03:00 [INFO] Init runned
2023-02-26T10:37:12.361336801-03:00 [INFO] command 0
2023-02-26T10:37:12.361386320-03:00 [INFO]  ---- end -----
2023-02-26T10:37:12.369716819-03:00 [INFO] 

 ---- begin -----
2023-02-26T10:37:12.890429146-03:00 [INFO] SOIDSADA
2023-02-26T10:37:12.890682957-03:00 [INFO] Added command
2023-02-26T10:37:12.890750216-03:00 [INFO] Init runned
2023-02-26T10:37:12.890854352-03:00 [INFO] command 0
2023-02-26T10:37:12.890908620-03:00 [INFO]  ---- end -----
2023-02-26T10:37:12.899010592-03:00 [INFO] 

 ---- begin -----
2023-02-26T10:37:13.416903625-03:00 [INFO] SOIDSADA
2023-02-26T10:37:13.417153874-03:00 [INFO] Added command
2023-02-26T10:37:13.417213590-03:00 [INFO] Init runned
2023-02-26T10:37:13.417322755-03:00 [INFO] command 0
2023-02-26T10:37:13.417378141-03:00 [INFO]  ---- end -----
2023-02-26T10:37:13.423045302-03:00 [INFO] 

 ---- begin -----
2023-02-26T10:37:14.081911745-03:00 [INFO] SOIDSADA
2023-02-26T10:37:14.082142158-03:00 [INFO] Added command
2023-02-26T10:37:14.082195169-03:00 [INFO] Init runned
2023-02-26T10:37:14.082296651-03:00 [INFO] command 0
2023-02-26T10:37:14.082355250-03:00 [INFO]  ---- end -----
2023-02-26T10:37:14.089199622-03:00 [INFO] 

 ---- begin -----
2023-02-26T10:37:14.129410689-03:00 [DEBUG] starting new connection: https://test-tuirs.free.beeceptor.com/
2023-02-26T10:37:23.479053037-03:00 [INFO] SOIDSADA
2023-02-26T10:37:23.479316766-03:00 [INFO] Added command
2023-02-26T10:37:23.479371523-03:00 [INFO] Init runned
2023-02-26T10:37:23.479423207-03:00 [INFO] command 0
2023-02-26T10:37:23.479477685-03:00 [INFO]  ---- end -----
2023-02-26T10:37:23.486415647-03:00 [INFO] 

 ---- begin -----
2023-02-26T10:37:25.691957113-03:00 [INFO] SOIDSADA
2023-02-26T10:37:25.692212321-03:00 [INFO] Added command
2023-02-26T10:37:25.692262049-03:00 [INFO] Init runned
2023-02-26T10:37:25.692361017-03:00 [INFO] command 0
2023-02-26T10:37:25.692417241-03:00 [INFO]  ---- end -----
2023-02-26T10:37:25.699232419-03:00 [INFO] 

 ---- begin -----
2023-02-26T10:37:26.698353211-03:00 [INFO] SOIDSADA
2023-02-26T10:37:26.698603739-03:00 [INFO] Added command
2023-02-26T10:37:26.698654236-03:00 [INFO] Init runned
2023-02-26T10:37:26.698749432-03:00 [INFO] command 0
2023-02-26T10:37:26.698808171-03:00 [INFO]  ---- end -----
2023-02-26T10:37:26.706375981-03:00 [INFO] 

 ---- begin -----
2023-02-26T10:37:27.038873377-03:00 [INFO] SOIDSADA
2023-02-26T10:37:27.039096177-03:00 [INFO] Added command
2023-02-26T10:37:27.039145207-03:00 [INFO] Init runned
2023-02-26T10:37:27.039242359-03:00 [INFO] command 0
2023-02-26T10:37:27.039296558-03:00 [INFO]  ---- end -----
2023-02-26T10:37:27.047530953-03:00 [INFO] 

 ---- begin -----
2023-02-26T10:37:27.990175069-03:00 [INFO] SOIDSADA
2023-02-26T10:37:27.990433489-03:00 [INFO] Added command
2023-02-26T10:37:27.990484405-03:00 [INFO] Init runned
2023-02-26T10:37:27.990589589-03:00 [INFO] command 0
2023-02-26T10:37:27.990643997-03:00 [INFO]  ---- end -----
2023-02-26T10:37:27.997141946-03:00 [INFO] 

 ---- begin -----
2023-02-26T10:37:29.983047145-03:00 [INFO] SOIDSADA
2023-02-26T10:37:29.983302353-03:00 [INFO] Added command
2023-02-26T10:37:29.983358157-03:00 [INFO] Init runned
2023-02-26T10:37:29.983463900-03:00 [INFO] command 0
2023-02-26T10:37:29.983525642-03:00 [INFO]  ---- end -----
2023-02-26T10:37:29.991187531-03:00 [INFO] 

 ---- begin -----
2023-02-26T10:37:54.027258855-03:00 [INFO] SOIDSADA
2023-02-26T10:37:54.027522723-03:00 [INFO] Added command
2023-02-26T10:37:54.027584185-03:00 [INFO] Init runned
2023-02-26T10:37:54.027691604-03:00 [INFO] command 0
2023-02-26T10:37:54.027740076-03:00 [INFO]  ---- end -----
2023-02-26T10:37:54.034934016-03:00 [INFO] 

 ---- begin -----
2023-02-26T10:37:55.354144718-03:00 [INFO] SOIDSADA
2023-02-26T10:37:55.354405164-03:00 [INFO] Added command
2023-02-26T10:37:55.354463343-03:00 [INFO] Init runned
2023-02-26T10:37:55.354655692-03:00 [INFO] command 0
2023-02-26T10:37:55.354722392-03:00 [INFO]  ---- end -----
2023-02-26T10:37:55.361502161-03:00 [INFO] 

 ---- begin -----
2023-02-26T10:37:56.596291968-03:00 [INFO] SOIDSADA
2023-02-26T10:37:56.596540750-03:00 [INFO] Added command
2023-02-26T10:37:56.596602142-03:00 [INFO] Init runned
2023-02-26T10:37:56.596705510-03:00 [INFO] command 0
2023-02-26T10:37:56.596765715-03:00 [INFO]  ---- end -----
2023-02-26T10:37:56.603987593-03:00 [INFO] 

 ---- begin -----
2023-02-26T10:39:16.928619161-03:00 [INFO] SOIDSADA
2023-02-26T10:39:16.928885335-03:00 [INFO] Added command
2023-02-26T10:39:16.928928568-03:00 [INFO] Init runned
2023-02-26T10:39:16.929007142-03:00 [INFO] command 0
2023-02-26T10:39:16.929049956-03:00 [INFO]  ---- end -----
2023-02-26T10:39:16.936348246-03:00 [INFO] 

 ---- begin -----
2023-02-26T10:39:18.000518847-03:00 [INFO] SOIDSADA
2023-02-26T10:39:18.000754848-03:00 [INFO] Added command
2023-02-26T10:39:18.000811980-03:00 [INFO] Init runned
2023-02-26T10:39:18.000866109-03:00 [INFO] command 0
2023-02-26T10:39:18.000915767-03:00 [INFO]  ---- end -----
2023-02-26T10:39:25.710265924-03:00 [INFO] 

 ---- begin -----
2023-02-26T10:39:29.120445500-03:00 [INFO] Action Up
2023-02-26T10:39:29.120760820-03:00 [INFO] Added command
2023-02-26T10:39:29.120813269-03:00 [INFO] Init runned
2023-02-26T10:39:29.120892885-03:00 [INFO] command 0
2023-02-26T10:39:29.120935276-03:00 [INFO]  ---- end -----
2023-02-26T10:39:29.134834580-03:00 [INFO] 

 ---- begin -----
2023-02-26T10:39:30.514341084-03:00 [INFO] Action Submit
2023-02-26T10:39:30.514617993-03:00 [INFO] Added command
2023-02-26T10:39:30.514676448-03:00 [INFO] Init runned
2023-02-26T10:39:30.514783720-03:00 [INFO] command 0
2023-02-26T10:39:30.514849438-03:00 [INFO]  ---- end -----
2023-02-26T10:39:30.531057739-03:00 [INFO] 

 ---- begin -----
2023-02-26T10:39:30.583819241-03:00 [DEBUG] starting new connection: https://test-tuirs.free.beeceptor.com/
2023-02-26T10:39:31.239268-03:00 [INFO] Action Null
2023-02-26T10:39:31.239472278-03:00 [INFO] Added command
2023-02-26T10:39:31.239516695-03:00 [INFO] Init runned
2023-02-26T10:39:31.239553989-03:00 [INFO] command 0
2023-02-26T10:39:31.239590654-03:00 [INFO]  ---- end -----
2023-02-26T10:39:31.252603641-03:00 [INFO] 

 ---- begin -----
2023-02-26T10:39:41.036927558-03:00 [INFO] Action Down
2023-02-26T10:39:41.037137981-03:00 [INFO] Added command
2023-02-26T10:39:41.037173669-03:00 [INFO] Init runned
2023-02-26T10:39:41.037238968-03:00 [INFO] command 0
2023-02-26T10:39:41.037271862-03:00 [INFO]  ---- end -----
2023-02-26T10:39:41.048894521-03:00 [INFO] 

 ---- begin -----
2023-02-26T10:39:41.378975974-03:00 [INFO] Action Right
2023-02-26T10:39:41.379199247-03:00 [INFO] Added command
2023-02-26T10:39:41.379250159-03:00 [INFO] Init runned
2023-02-26T10:39:41.379321814-03:00 [INFO] command 0
2023-02-26T10:39:41.379366929-03:00 [INFO]  ---- end -----
2023-02-26T10:39:41.390975971-03:00 [INFO] 

 ---- begin -----
2023-02-26T10:39:42.042614674-03:00 [INFO] Action Left
2023-02-26T10:39:42.042864207-03:00 [INFO] Added command
2023-02-26T10:39:42.042912535-03:00 [INFO] Init runned
2023-02-26T10:39:42.042987262-03:00 [INFO] command 0
2023-02-26T10:39:42.043026721-03:00 [INFO]  ---- end -----
2023-02-26T10:39:42.056320338-03:00 [INFO] 

 ---- begin -----
2023-02-26T10:39:46.008091576-03:00 [INFO] Action Submit
2023-02-26T10:39:46.008334893-03:00 [INFO] Added command
2023-02-26T10:39:46.008378752-03:00 [INFO] Init runned
2023-02-26T10:39:46.008466120-03:00 [INFO] command 0
2023-02-26T10:39:46.008509489-03:00 [INFO]  ---- end -----
2023-02-26T10:39:46.021615736-03:00 [INFO] 

 ---- begin -----
2023-02-26T10:39:46.040692269-03:00 [DEBUG] starting new connection: https://test-tuirs.free.beeceptor.com/
2023-02-26T10:39:49.735714515-03:00 [INFO] Action Null
2023-02-26T10:39:49.735952315-03:00 [INFO] Added command
2023-02-26T10:39:49.735996034-03:00 [INFO] Init runned
2023-02-26T10:39:49.736033118-03:00 [INFO] command 0
2023-02-26T10:39:49.736070761-03:00 [INFO]  ---- end -----
2023-02-26T10:39:49.747991434-03:00 [INFO] 

 ---- begin -----
2023-02-26T10:39:55.526364359-03:00 [INFO] Action Right
2023-02-26T10:39:55.526602788-03:00 [INFO] Added command
2023-02-26T10:39:55.526646786-03:00 [INFO] Init runned
2023-02-26T10:39:55.526725843-03:00 [INFO] command 0
2023-02-26T10:39:55.526767956-03:00 [INFO]  ---- end -----
2023-02-26T10:39:55.540547182-03:00 [INFO] 

 ---- begin -----
2023-02-26T10:41:28.056080017-03:00 [INFO] Action Right
2023-02-26T10:41:28.056496958-03:00 [INFO] Added command
2023-02-26T10:41:28.056591660-03:00 [INFO] Init runned
2023-02-26T10:41:28.056671487-03:00 [INFO] command 0
2023-02-26T10:41:28.056713949-03:00 [INFO]  ---- end -----
2023-02-26T10:41:28.068387313-03:00 [INFO] 

 ---- begin -----
2023-02-26T10:41:29.229907402-03:00 [INFO] Action Quit
2023-02-26T10:41:29.230151071-03:00 [INFO] Added command
2023-02-26T10:41:29.230197445-03:00 [INFO] Init runned
2023-02-26T10:41:29.230237882-03:00 [INFO] command 0
2023-02-26T10:41:29.230277969-03:00 [INFO]  ---- end -----
2023-02-26T10:41:37.872094483-03:00 [INFO] 

 ---- begin -----
2023-02-26T10:41:39.362852913-03:00 [INFO] Action Up
2023-02-26T10:41:39.363151616-03:00 [INFO] Added command
2023-02-26T10:41:39.363205532-03:00 [INFO] Init runned
2023-02-26T10:41:39.363289968-03:00 [INFO] command 0
2023-02-26T10:41:39.363333268-03:00 [INFO]  ---- end -----
2023-02-26T10:41:39.369743897-03:00 [INFO] 

 ---- begin -----
2023-02-26T10:41:39.940983228-03:00 [INFO] Action Switch
2023-02-26T10:41:39.941202524-03:00 [INFO] Added command
2023-02-26T10:41:39.941271595-03:00 [INFO] Init runned
2023-02-26T10:41:39.941347510-03:00 [INFO] command 0
2023-02-26T10:41:39.941388646-03:00 [INFO]  ---- end -----
2023-02-26T10:41:39.948574702-03:00 [INFO] 

 ---- begin -----
2023-02-26T10:41:40.282992759-03:00 [INFO] Action Switch
2023-02-26T10:41:40.283209680-03:00 [INFO] Added command
2023-02-26T10:41:40.283255285-03:00 [INFO] Init runned
2023-02-26T10:41:40.283295932-03:00 [INFO] command 0
2023-02-26T10:41:40.283332248-03:00 [INFO]  ---- end -----
2023-02-26T10:41:40.289494878-03:00 [INFO] 

 ---- begin -----
2023-02-26T10:41:40.861206939-03:00 [INFO] Action Down
2023-02-26T10:41:40.861468767-03:00 [INFO] Added command
2023-02-26T10:41:40.861515490-03:00 [INFO] Init runned
2023-02-26T10:41:40.861595805-03:00 [INFO] command 0
2023-02-26T10:41:40.861636731-03:00 [INFO]  ---- end -----
2023-02-26T10:41:40.867647320-03:00 [INFO] 

 ---- begin -----
2023-02-26T10:41:41.830891080-03:00 [INFO] Action Submit
2023-02-26T10:41:41.831116731-03:00 [INFO] Added command
2023-02-26T10:41:41.831189853-03:00 [INFO] Init runned
2023-02-26T10:41:41.831300269-03:00 [INFO] command 0
2023-02-26T10:41:41.831398882-03:00 [INFO]  ---- end -----
2023-02-26T10:41:41.831489883-03:00 [INFO]  ** INIT SUBMIT
2023-02-26T10:41:41.839884861-03:00 [INFO] 

 ---- begin -----
2023-02-26T10:41:41.859577551-03:00 [DEBUG] starting new connection: https://test-tuirs.free.beeceptor.com/
2023-02-26T10:41:42.705772414-03:00 [INFO]  ** END SUBMIT
2023-02-26T10:41:42.706118468-03:00 [INFO] Action Null
2023-02-26T10:41:42.706432815-03:00 [INFO] Added command
2023-02-26T10:41:42.706521930-03:00 [INFO] Init runned
2023-02-26T10:41:42.706561180-03:00 [INFO] command 0
2023-02-26T10:41:42.706599801-03:00 [INFO]  ---- end -----
2023-02-26T10:41:42.714630637-03:00 [INFO] 

 ---- begin -----
2023-02-26T10:41:50.600764811-03:00 [INFO] Action Submit
2023-02-26T10:41:50.601004221-03:00 [INFO] Added command
2023-02-26T10:41:50.601047731-03:00 [INFO] Init runned
2023-02-26T10:41:50.601167645-03:00 [INFO] command 0
2023-02-26T10:41:50.601235459-03:00 [INFO]  ---- end -----
2023-02-26T10:41:50.601316333-03:00 [INFO]  ** INIT SUBMIT
2023-02-26T10:41:50.608134552-03:00 [INFO] 

 ---- begin -----
2023-02-26T10:41:50.625710705-03:00 [DEBUG] starting new connection: https://test-tuirs.free.beeceptor.com/
2023-02-26T10:41:51.274133436-03:00 [INFO]  ** END SUBMIT
2023-02-26T10:41:57.255371177-03:00 [INFO] Action Null
2023-02-26T10:41:57.255571616-03:00 [INFO] Added command
2023-02-26T10:41:57.255607304-03:00 [INFO] Init runned
2023-02-26T10:41:57.255636846-03:00 [INFO] command 0
2023-02-26T10:41:57.255668833-03:00 [INFO]  ---- end -----
2023-02-26T10:41:57.263067283-03:00 [INFO] 

 ---- begin -----
2023-02-26T10:42:44.399831311-03:00 [INFO] Action Right
2023-02-26T10:42:44.400028608-03:00 [INFO] Added command
2023-02-26T10:42:44.400075680-03:00 [INFO] Init runned
2023-02-26T10:42:44.400148733-03:00 [INFO] command 0
2023-02-26T10:42:44.400189449-03:00 [INFO]  ---- end -----
2023-02-26T10:42:44.411058622-03:00 [INFO] 

 ---- begin -----
2023-02-26T10:42:45.151316207-03:00 [INFO] Action Quit
2023-02-26T10:42:45.151545212-03:00 [INFO] Added command
2023-02-26T10:42:45.151611001-03:00 [INFO] Init runned
2023-02-26T10:42:45.151674346-03:00 [INFO] command 0
2023-02-26T10:42:45.151728192-03:00 [INFO]  ---- end -----
2023-02-26T10:42:54.914631369-03:00 [INFO] 

 ---- begin -----
2023-02-26T10:42:54.915967755-03:00 [INFO] Wainting action....
2023-02-26T10:42:57.935976085-03:00 [INFO] Action Up
2023-02-26T10:42:57.936318160-03:00 [INFO] Added command
2023-02-26T10:42:57.936380108-03:00 [INFO] Init runned
2023-02-26T10:42:57.936486335-03:00 [INFO] command 0
2023-02-26T10:42:57.936552124-03:00 [INFO]  ---- end -----
2023-02-26T10:42:57.943336024-03:00 [INFO] 

 ---- begin -----
2023-02-26T10:42:57.943641364-03:00 [INFO] Wainting action....
2023-02-26T10:42:58.804220313-03:00 [INFO] Action Submit
2023-02-26T10:42:58.804486403-03:00 [INFO] Added command
2023-02-26T10:42:58.804549678-03:00 [INFO] Init runned
2023-02-26T10:42:58.804698088-03:00 [INFO] command 0
2023-02-26T10:42:58.804750537-03:00 [INFO]  ---- end -----
2023-02-26T10:42:58.804793489-03:00 [INFO]  ** INIT SUBMIT
2023-02-26T10:42:58.811072377-03:00 [INFO] 

 ---- begin -----
2023-02-26T10:42:58.811257662-03:00 [INFO] Wainting action....
2023-02-26T10:42:58.873708304-03:00 [DEBUG] starting new connection: https://test-tuirs.free.beeceptor.com/
2023-02-26T10:42:59.540993747-03:00 [INFO]  ** END SUBMIT
2023-02-26T10:42:59.541353632-03:00 [INFO] Action Null
2023-02-26T10:42:59.541616859-03:00 [INFO] Added command
2023-02-26T10:42:59.541684045-03:00 [INFO] Init runned
2023-02-26T10:42:59.541737402-03:00 [INFO] command 0
2023-02-26T10:42:59.541793065-03:00 [INFO]  ---- end -----
2023-02-26T10:42:59.555802534-03:00 [INFO] 

 ---- begin -----
2023-02-26T10:43:02.431376432-03:00 [INFO] Wainting action....
2023-02-26T10:43:02.431582600-03:00 [INFO] Action Down
2023-02-26T10:43:02.431698534-03:00 [INFO] Added command
2023-02-26T10:43:02.431751752-03:00 [INFO] Init runned
2023-02-26T10:43:02.431867687-03:00 [INFO] command 0
2023-02-26T10:43:02.431932498-03:00 [INFO]  ---- end -----
2023-02-26T10:43:02.443398051-03:00 [INFO] 

 ---- begin -----
2023-02-26T10:43:06.123773749-03:00 [INFO] Wainting action....
2023-02-26T10:43:06.123974818-03:00 [INFO] Action Submit
2023-02-26T10:43:06.124095711-03:00 [INFO] Added command
2023-02-26T10:43:06.124151094-03:00 [INFO] Init runned
2023-02-26T10:43:06.124255575-03:00 [INFO] command 0
2023-02-26T10:43:06.124309072-03:00 [INFO]  ---- end -----
2023-02-26T10:43:06.124371998-03:00 [INFO]  ** INIT SUBMIT
2023-02-26T10:43:06.134351710-03:00 [INFO] 

 ---- begin -----
2023-02-26T10:43:06.147371625-03:00 [DEBUG] starting new connection: https://test-tuirs.free.beeceptor.com/
2023-02-26T10:43:06.820430724-03:00 [INFO]  ** END SUBMIT
2023-02-26T10:45:09.001877489-03:00 [INFO] Wainting action....
2023-02-26T10:45:09.002086872-03:00 [INFO] Action Null
2023-02-26T10:45:09.002235632-03:00 [INFO] Added command
2023-02-26T10:45:09.002315180-03:00 [INFO] Init runned
2023-02-26T10:45:09.002357644-03:00 [INFO] command 0
2023-02-26T10:45:09.002408767-03:00 [INFO]  ---- end -----
2023-02-26T10:45:09.013361170-03:00 [INFO] 

 ---- begin -----
2023-02-26T10:45:42.509838544-03:00 [INFO] Wainting action....
2023-02-26T10:45:42.510030606-03:00 [INFO] Action Down
2023-02-26T10:45:42.510123355-03:00 [INFO] Added command
2023-02-26T10:45:42.510195780-03:00 [INFO] Init runned
2023-02-26T10:45:42.510296700-03:00 [INFO] command 0
2023-02-26T10:45:42.510345309-03:00 [INFO]  ---- end -----
2023-02-26T10:45:42.515439493-03:00 [INFO] 

 ---- begin -----
2023-02-26T10:45:44.774195595-03:00 [INFO] Wainting action....
2023-02-26T10:45:44.774389752-03:00 [INFO] Action Quit
2023-02-26T10:45:44.774506526-03:00 [INFO] Added command
2023-02-26T10:45:44.774580068-03:00 [INFO] Init runned
2023-02-26T10:45:44.774628188-03:00 [INFO] command 0
2023-02-26T10:45:44.774685458-03:00 [INFO]  ---- end -----
2023-02-26T10:45:55.745922279-03:00 [INFO] 

 ---- begin -----
2023-02-26T10:45:55.747052094-03:00 [INFO] Antes do has_clicked
2023-02-26T10:45:55.747084500-03:00 [INFO] Dentro do has_clicked
2023-02-26T10:45:55.747180182-03:00 [INFO] Fim do has_clicked
2023-02-26T10:45:55.747205325-03:00 [INFO] Wainting action....
2023-02-26T10:45:56.966033357-03:00 [INFO] Action Up
2023-02-26T10:45:56.966331508-03:00 [INFO] Added command
2023-02-26T10:45:56.966379209-03:00 [INFO] Init runned
2023-02-26T10:45:56.966457501-03:00 [INFO] command 0
2023-02-26T10:45:56.966497519-03:00 [INFO]  ---- end -----
2023-02-26T10:45:56.972943687-03:00 [INFO] 

 ---- begin -----
2023-02-26T10:45:56.973039019-03:00 [INFO] Antes do has_clicked
2023-02-26T10:45:56.973055362-03:00 [INFO] Dentro do has_clicked
2023-02-26T10:45:56.973163406-03:00 [INFO] Fim do has_clicked
2023-02-26T10:45:56.973185336-03:00 [INFO] Wainting action....
2023-02-26T10:45:57.134787484-03:00 [INFO] Action Switch
2023-02-26T10:45:57.134999451-03:00 [INFO] Added command
2023-02-26T10:45:57.135053019-03:00 [INFO] Init runned
2023-02-26T10:45:57.135099393-03:00 [INFO] command 0
2023-02-26T10:45:57.135136549-03:00 [INFO]  ---- end -----
2023-02-26T10:45:57.148265295-03:00 [INFO] 

 ---- begin -----
2023-02-26T10:45:57.148392056-03:00 [INFO] Antes do has_clicked
2023-02-26T10:45:57.148424462-03:00 [INFO] Dentro do has_clicked
2023-02-26T10:45:57.148524265-03:00 [INFO] Fim do has_clicked
2023-02-26T10:45:57.148558627-03:00 [INFO] Wainting action....
2023-02-26T10:45:57.715396539-03:00 [INFO] Action Down
2023-02-26T10:45:57.715577915-03:00 [INFO] Added command
2023-02-26T10:45:57.715614582-03:00 [INFO] Init runned
2023-02-26T10:45:57.715679883-03:00 [INFO] command 0
2023-02-26T10:45:57.715715152-03:00 [INFO]  ---- end -----
2023-02-26T10:45:57.729562980-03:00 [INFO] 

 ---- begin -----
2023-02-26T10:45:57.729803582-03:00 [INFO] Antes do has_clicked
2023-02-26T10:45:57.729836965-03:00 [INFO] Dentro do has_clicked
2023-02-26T10:45:57.729999066-03:00 [INFO] Fim do has_clicked
2023-02-26T10:45:57.730041180-03:00 [INFO] Wainting action....
2023-02-26T10:45:58.156888074-03:00 [INFO] Action Submit
2023-02-26T10:45:58.157100250-03:00 [INFO] Added command
2023-02-26T10:45:58.157135171-03:00 [INFO] Init runned
2023-02-26T10:45:58.157214021-03:00 [INFO] command 0
2023-02-26T10:45:58.157248802-03:00 [INFO]  ---- end -----
2023-02-26T10:45:58.157296433-03:00 [INFO]  ** INIT SUBMIT
2023-02-26T10:45:58.171125055-03:00 [INFO] 

 ---- begin -----
2023-02-26T10:45:58.171248813-03:00 [INFO] Antes do has_clicked
2023-02-26T10:45:58.171276889-03:00 [INFO] Dentro do has_clicked
2023-02-26T10:45:58.171374247-03:00 [INFO] Fim do has_clicked
2023-02-26T10:45:58.171416711-03:00 [INFO] Wainting action....
2023-02-26T10:45:58.188432379-03:00 [DEBUG] starting new connection: https://test-tuirs.free.beeceptor.com/
2023-02-26T10:45:58.847398259-03:00 [INFO]  ** END SUBMIT
2023-02-26T10:45:58.847906840-03:00 [INFO] Action Null
2023-02-26T10:45:58.848115245-03:00 [INFO] Added command
2023-02-26T10:45:58.848157149-03:00 [INFO] Init runned
2023-02-26T10:45:58.848184318-03:00 [INFO] command 0
2023-02-26T10:45:58.848215327-03:00 [INFO]  ---- end -----
2023-02-26T10:45:58.862164215-03:00 [INFO] 

 ---- begin -----
2023-02-26T10:46:02.414954915-03:00 [INFO] Antes do has_clicked
2023-02-26T10:46:02.415143975-03:00 [INFO] Dentro do has_clicked
2023-02-26T10:46:02.415219403-03:00 [INFO] Fim do has_clicked
2023-02-26T10:46:02.415260748-03:00 [INFO] Wainting action....
2023-02-26T10:46:02.415304050-03:00 [INFO] Action Down
2023-02-26T10:46:02.415381852-03:00 [INFO] Added command
2023-02-26T10:46:02.415413840-03:00 [INFO] Init runned
2023-02-26T10:46:02.415475788-03:00 [INFO] command 0
2023-02-26T10:46:02.415505610-03:00 [INFO]  ---- end -----
2023-02-26T10:46:02.427840201-03:00 [INFO] 

 ---- begin -----
2023-02-26T10:46:17.156851874-03:00 [INFO] Antes do has_clicked
2023-02-26T10:46:17.157055880-03:00 [INFO] Dentro do has_clicked
2023-02-26T10:46:17.157150305-03:00 [INFO] Fim do has_clicked
2023-02-26T10:46:17.157195841-03:00 [INFO] Wainting action....
2023-02-26T10:46:17.157238583-03:00 [INFO] Action Submit
2023-02-26T10:46:17.157349351-03:00 [INFO] Added command
2023-02-26T10:46:17.157383643-03:00 [INFO] Init runned
2023-02-26T10:46:17.157449224-03:00 [INFO] command 0
2023-02-26T10:46:17.157486798-03:00 [INFO]  ---- end -----
2023-02-26T10:46:17.157521998-03:00 [INFO]  ** INIT SUBMIT
2023-02-26T10:46:17.167855378-03:00 [INFO] 

 ---- begin -----
2023-02-26T10:46:17.180775385-03:00 [DEBUG] starting new connection: https://test-tuirs.free.beeceptor.com/
2023-02-26T10:46:17.826954345-03:00 [INFO]  ** END SUBMIT
2023-02-26T10:46:27.270721469-03:00 [INFO] Antes do has_clicked
2023-02-26T10:46:27.270926591-03:00 [INFO] Dentro do has_clicked
2023-02-26T10:46:27.271016197-03:00 [INFO] Fim do has_clicked
2023-02-26T10:46:27.271077238-03:00 [INFO] Wainting action....
2023-02-26T10:46:27.271217619-03:00 [INFO] Action Null
2023-02-26T10:46:27.271311345-03:00 [INFO] Added command
2023-02-26T10:46:27.271352342-03:00 [INFO] Init runned
2023-02-26T10:46:27.271385726-03:00 [INFO] command 0
2023-02-26T10:46:27.271422392-03:00 [INFO]  ---- end -----
2023-02-26T10:46:27.282722307-03:00 [INFO] 

 ---- begin -----
2023-02-26T10:46:32.398011066-03:00 [INFO] Antes do has_clicked
2023-02-26T10:46:32.398175401-03:00 [INFO] Dentro do has_clicked
2023-02-26T10:46:32.398256836-03:00 [INFO] Fim do has_clicked
2023-02-26T10:46:32.398302233-03:00 [INFO] Wainting action....
2023-02-26T10:46:32.398345464-03:00 [INFO] Action Down
2023-02-26T10:46:32.398417610-03:00 [INFO] Added command
2023-02-26T10:46:32.398451552-03:00 [INFO] Init runned
2023-02-26T10:46:32.398513501-03:00 [INFO] command 0
2023-02-26T10:46:32.398544511-03:00 [INFO]  ---- end -----
2023-02-26T10:46:32.411030747-03:00 [INFO] 

 ---- begin -----
2023-02-26T10:46:33.093646573-03:00 [INFO] Antes do has_clicked
2023-02-26T10:46:33.093814680-03:00 [INFO] Dentro do has_clicked
2023-02-26T10:46:33.093906171-03:00 [INFO] Fim do has_clicked
2023-02-26T10:46:33.093972031-03:00 [INFO] Wainting action....
2023-02-26T10:46:33.094025180-03:00 [INFO] Action Right
2023-02-26T10:46:33.094122469-03:00 [INFO] Added command
2023-02-26T10:46:33.094163605-03:00 [INFO] Init runned
2023-02-26T10:46:33.094236030-03:00 [INFO] command 0
2023-02-26T10:46:33.094279471-03:00 [INFO]  ---- end -----
2023-02-26T10:46:33.106292885-03:00 [INFO] 

 ---- begin -----
2023-02-26T10:46:33.930033164-03:00 [INFO] Antes do has_clicked
2023-02-26T10:46:33.930249601-03:00 [INFO] Dentro do has_clicked
2023-02-26T10:46:33.930330756-03:00 [INFO] Fim do has_clicked
2023-02-26T10:46:33.930370216-03:00 [INFO] Wainting action....
2023-02-26T10:46:33.930415054-03:00 [INFO] Action Right
2023-02-26T10:46:33.930498025-03:00 [INFO] Added command
2023-02-26T10:46:33.930533714-03:00 [INFO] Init runned
2023-02-26T10:46:33.930596082-03:00 [INFO] command 0
2023-02-26T10:46:33.930632539-03:00 [INFO]  ---- end -----
2023-02-26T10:46:33.941419336-03:00 [INFO] 

 ---- begin -----
2023-02-26T10:46:54.157079582-03:00 [INFO] Antes do has_clicked
2023-02-26T10:46:54.157289105-03:00 [INFO] Dentro do has_clicked
2023-02-26T10:46:54.157379759-03:00 [INFO] Fim do has_clicked
2023-02-26T10:46:54.157447993-03:00 [INFO] Wainting action....
2023-02-26T10:46:54.157499396-03:00 [INFO] Action Left
2023-02-26T10:46:54.157588095-03:00 [INFO] Added command
2023-02-26T10:46:54.157632583-03:00 [INFO] Init runned
2023-02-26T10:46:54.157702704-03:00 [INFO] command 0
2023-02-26T10:46:54.157742304-03:00 [INFO]  ---- end -----
2023-02-26T10:46:54.171597090-03:00 [INFO] 

 ---- begin -----
2023-02-26T10:46:54.308641071-03:00 [INFO] Antes do has_clicked
2023-02-26T10:46:54.308815115-03:00 [INFO] Dentro do has_clicked
2023-02-26T10:46:54.308904372-03:00 [INFO] Fim do has_clicked
2023-02-26T10:46:54.308957521-03:00 [INFO] Wainting action....
2023-02-26T10:46:54.309012416-03:00 [INFO] Action Quit
2023-02-26T10:46:54.309111101-03:00 [INFO] Added command
2023-02-26T10:46:54.309154612-03:00 [INFO] Init runned
2023-02-26T10:46:54.309185621-03:00 [INFO] command 0
2023-02-26T10:46:54.309221171-03:00 [INFO]  ---- end -----
2023-02-26T10:47:00.626007399-03:00 [INFO] 

 ---- begin -----
2023-02-26T10:47:00.627302811-03:00 [INFO] Wainting action....
2023-02-26T10:47:01.081372478-03:00 [INFO] Action Up
2023-02-26T10:47:01.081787823-03:00 [INFO] Added command
2023-02-26T10:47:01.081886718-03:00 [INFO] Init runned
2023-02-26T10:47:01.082000838-03:00 [INFO] command 0
2023-02-26T10:47:01.082058946-03:00 [INFO]  ---- end -----
2023-02-26T10:47:01.090566775-03:00 [INFO] 

 ---- begin -----
2023-02-26T10:47:01.090737187-03:00 [INFO] Wainting action....
2023-02-26T10:47:02.461579674-03:00 [INFO] Action Down
2023-02-26T10:47:02.461851007-03:00 [INFO] Added command
2023-02-26T10:47:02.461909673-03:00 [INFO] Init runned
2023-02-26T10:47:02.462009266-03:00 [INFO] command 0
2023-02-26T10:47:02.462061019-03:00 [INFO]  ---- end -----
2023-02-26T10:47:02.469574521-03:00 [INFO] 

 ---- begin -----
2023-02-26T10:47:02.469687524-03:00 [INFO] Wainting action....
2023-02-26T10:47:05.085256969-03:00 [INFO] Action Right
2023-02-26T10:47:05.085591508-03:00 [INFO] Added command
2023-02-26T10:47:05.085631178-03:00 [INFO] Init runned
2023-02-26T10:47:05.085714708-03:00 [INFO] command 0
2023-02-26T10:47:05.085762898-03:00 [INFO]  ---- end -----
2023-02-26T10:47:05.099823794-03:00 [INFO] 

 ---- begin -----
2023-02-26T10:47:05.100029406-03:00 [INFO] Wainting action....
2023-02-26T10:47:05.903733852-03:00 [INFO] Action Left
2023-02-26T10:47:05.903961673-03:00 [INFO] Added command
2023-02-26T10:47:05.904020829-03:00 [INFO] Init runned
2023-02-26T10:47:05.904120143-03:00 [INFO] command 0
2023-02-26T10:47:05.904169311-03:00 [INFO]  ---- end -----
2023-02-26T10:47:05.912390235-03:00 [INFO] 

 ---- begin -----
2023-02-26T10:47:05.912828558-03:00 [INFO] Wainting action....
2023-02-26T10:47:06.225762651-03:00 [INFO] Action Up
2023-02-26T10:47:06.226018549-03:00 [INFO] Added command
2023-02-26T10:47:06.226083431-03:00 [INFO] Init runned
2023-02-26T10:47:06.226194059-03:00 [INFO] command 0
2023-02-26T10:47:06.226254193-03:00 [INFO]  ---- end -----
2023-02-26T10:47:06.242711337-03:00 [INFO] 

 ---- begin -----
2023-02-26T10:47:06.242945514-03:00 [INFO] Wainting action....
2023-02-26T10:47:06.413596974-03:00 [INFO] Action Up
2023-02-26T10:47:06.413808662-03:00 [INFO] Added command
2023-02-26T10:47:06.413862091-03:00 [INFO] Init runned
2023-02-26T10:47:06.413982706-03:00 [INFO] command 0
2023-02-26T10:47:06.414069449-03:00 [INFO]  ---- end -----
2023-02-26T10:47:06.422403516-03:00 [INFO] 

 ---- begin -----
2023-02-26T10:47:06.422672474-03:00 [INFO] Wainting action....
2023-02-26T10:47:06.618974260-03:00 [INFO] Action Switch
2023-02-26T10:47:06.619313129-03:00 [INFO] Added command
2023-02-26T10:47:06.619428646-03:00 [INFO] Init runned
2023-02-26T10:47:06.619536970-03:00 [INFO] command 0
2023-02-26T10:47:06.619596125-03:00 [INFO]  ---- end -----
2023-02-26T10:47:06.633103182-03:00 [INFO] 

 ---- begin -----
2023-02-26T10:47:06.633294966-03:00 [INFO] Wainting action....
2023-02-26T10:47:07.042515691-03:00 [INFO] Action Switch
2023-02-26T10:47:07.042748052-03:00 [INFO] Added command
2023-02-26T10:47:07.042819151-03:00 [INFO] Init runned
2023-02-26T10:47:07.042883544-03:00 [INFO] command 0
2023-02-26T10:47:07.042947728-03:00 [INFO]  ---- end -----
2023-02-26T10:47:07.057644948-03:00 [INFO] 

 ---- begin -----
2023-02-26T10:47:07.057856496-03:00 [INFO] Wainting action....
2023-02-26T10:47:07.569603893-03:00 [INFO] Action Down
2023-02-26T10:47:07.569873689-03:00 [INFO] Added command
2023-02-26T10:47:07.570038934-03:00 [INFO] Init runned
2023-02-26T10:47:07.570252019-03:00 [INFO] command 0
2023-02-26T10:47:07.570331218-03:00 [INFO]  ---- end -----
2023-02-26T10:47:07.576289152-03:00 [INFO] 

 ---- begin -----
2023-02-26T10:47:07.576400200-03:00 [INFO] Wainting action....
2023-02-26T10:47:07.808642362-03:00 [INFO] Action Submit
2023-02-26T10:47:07.808865015-03:00 [INFO] Added command
2023-02-26T10:47:07.808909295-03:00 [INFO] Init runned
2023-02-26T10:47:07.809014126-03:00 [INFO] command 0
2023-02-26T10:47:07.809057218-03:00 [INFO]  ---- end -----
2023-02-26T10:47:07.809110088-03:00 [INFO]  ** INIT SUBMIT
2023-02-26T10:47:07.824367642-03:00 [INFO] 

 ---- begin -----
2023-02-26T10:47:07.824641210-03:00 [INFO] Wainting action....
2023-02-26T10:47:07.864898174-03:00 [DEBUG] starting new connection: https://test-tuirs.free.beeceptor.com/
2023-02-26T10:47:08.522038547-03:00 [INFO]  ** END SUBMIT
2023-02-26T10:47:08.522330622-03:00 [INFO] Action Null
2023-02-26T10:47:08.522606215-03:00 [INFO] Added command
2023-02-26T10:47:08.522675707-03:00 [INFO] Init runned
2023-02-26T10:47:08.522712932-03:00 [INFO] command 0
2023-02-26T10:47:08.522749250-03:00 [INFO]  ---- end -----
2023-02-26T10:47:08.532892482-03:00 [INFO] 

 ---- begin -----
2023-02-26T10:47:10.940821805-03:00 [INFO] Wainting action....
2023-02-26T10:47:10.941053398-03:00 [INFO] Action Right
2023-02-26T10:47:10.941218014-03:00 [INFO] Added command
2023-02-26T10:47:10.941280033-03:00 [INFO] Init runned
2023-02-26T10:47:10.941367823-03:00 [INFO] command 0
2023-02-26T10:47:10.941431518-03:00 [INFO]  ---- end -----
2023-02-26T10:47:10.953699108-03:00 [INFO] 

 ---- begin -----
2023-02-26T10:48:40.344532127-03:00 [INFO] Wainting action....
2023-02-26T10:48:40.344754921-03:00 [INFO] Action Left
2023-02-26T10:48:40.344845505-03:00 [INFO] Added command
2023-02-26T10:48:40.344898934-03:00 [INFO] Init runned
2023-02-26T10:48:40.345000134-03:00 [INFO] command 0
2023-02-26T10:48:40.345071442-03:00 [INFO]  ---- end -----
2023-02-26T10:48:40.358361632-03:00 [INFO] 

 ---- begin -----
2023-02-26T10:48:41.008690418-03:00 [INFO] Wainting action....
2023-02-26T10:48:41.008857478-03:00 [INFO] Action Right
2023-02-26T10:48:41.008947574-03:00 [INFO] Added command
2023-02-26T10:48:41.008997790-03:00 [INFO] Init runned
2023-02-26T10:48:41.009099479-03:00 [INFO] command 0
2023-02-26T10:48:41.009157168-03:00 [INFO]  ---- end -----
2023-02-26T10:48:41.022417048-03:00 [INFO] 

 ---- begin -----
2023-02-26T10:48:41.585658377-03:00 [INFO] Wainting action....
2023-02-26T10:48:41.585826066-03:00 [INFO] Action Left
2023-02-26T10:48:41.585905755-03:00 [INFO] Added command
2023-02-26T10:48:41.585949546-03:00 [INFO] Init runned
2023-02-26T10:48:41.586025533-03:00 [INFO] command 0
2023-02-26T10:48:41.586069254-03:00 [INFO]  ---- end -----
2023-02-26T10:48:41.598363716-03:00 [INFO] 

 ---- begin -----
2023-02-26T10:48:42.184765721-03:00 [INFO] Wainting action....
2023-02-26T10:48:42.185106617-03:00 [INFO] Action Right
2023-02-26T10:48:42.185256776-03:00 [INFO] Added command
2023-02-26T10:48:42.185339049-03:00 [INFO] Init runned
2023-02-26T10:48:42.185451424-03:00 [INFO] command 0
2023-02-26T10:48:42.185501360-03:00 [INFO]  ---- end -----
2023-02-26T10:48:42.201102464-03:00 [INFO] 

 ---- begin -----
2023-02-26T10:48:43.664120362-03:00 [INFO] Wainting action....
2023-02-26T10:48:43.664277645-03:00 [INFO] Action Left
2023-02-26T10:48:43.664359289-03:00 [INFO] Added command
2023-02-26T10:48:43.664400426-03:00 [INFO] Init runned
2023-02-26T10:48:43.664512382-03:00 [INFO] command 0
2023-02-26T10:48:43.664560921-03:00 [INFO]  ---- end -----
2023-02-26T10:48:43.682823752-03:00 [INFO] 

 ---- begin -----
2023-02-26T10:48:44.921417940-03:00 [INFO] Wainting action....
2023-02-26T10:48:44.921630677-03:00 [INFO] Action Right
2023-02-26T10:48:44.921722658-03:00 [INFO] Added command
2023-02-26T10:48:44.921772175-03:00 [INFO] Init runned
2023-02-26T10:48:44.921848023-03:00 [INFO] command 0
2023-02-26T10:48:44.921886645-03:00 [INFO]  ---- end -----
2023-02-26T10:48:44.935598052-03:00 [INFO] 

 ---- begin -----
2023-02-26T10:48:51.766212333-03:00 [INFO] Wainting action....
2023-02-26T10:48:51.766437781-03:00 [INFO] Action Left
2023-02-26T10:48:51.766529902-03:00 [INFO] Added command
2023-02-26T10:48:51.766576067-03:00 [INFO] Init runned
2023-02-26T10:48:51.766671471-03:00 [INFO] command 0
2023-02-26T10:48:51.766725388-03:00 [INFO]  ---- end -----
2023-02-26T10:48:51.781844104-03:00 [INFO] 

 ---- begin -----
2023-02-26T10:48:54.100708027-03:00 [INFO] Wainting action....
2023-02-26T10:48:54.100913571-03:00 [INFO] Action Up
2023-02-26T10:48:54.101021615-03:00 [INFO] Added command
2023-02-26T10:48:54.101108708-03:00 [INFO] Init runned
2023-02-26T10:48:54.101222759-03:00 [INFO] command 0
2023-02-26T10:48:54.101332968-03:00 [INFO]  ---- end -----
2023-02-26T10:48:54.108459310-03:00 [INFO] 

 ---- begin -----
2023-02-26T10:48:55.718661479-03:00 [INFO] Wainting action....
2023-02-26T10:48:55.718857175-03:00 [INFO] Action Submit
2023-02-26T10:48:55.718951601-03:00 [INFO] Added command
2023-02-26T10:48:55.719006356-03:00 [INFO] Init runned
2023-02-26T10:48:55.719105601-03:00 [INFO] command 0
2023-02-26T10:48:55.719168598-03:00 [INFO]  ---- end -----
2023-02-26T10:48:55.719207360-03:00 [INFO]  ** INIT SUBMIT
2023-02-26T10:48:55.725931415-03:00 [INFO] 

 ---- begin -----
2023-02-26T10:48:55.771888834-03:00 [DEBUG] starting new connection: https://test-tuirs.free.beeceptor.com/
2023-02-26T10:48:56.424695195-03:00 [INFO]  ** END SUBMIT
2023-02-26T10:48:57.779425645-03:00 [INFO] Wainting action....
2023-02-26T10:48:57.779936885-03:00 [INFO] Action Null
2023-02-26T10:48:57.780129438-03:00 [INFO] Added command
2023-02-26T10:48:57.780212270-03:00 [INFO] Init runned
2023-02-26T10:48:57.780273730-03:00 [INFO] command 0
2023-02-26T10:48:57.780334841-03:00 [INFO]  ---- end -----
2023-02-26T10:48:57.792881929-03:00 [INFO] 

 ---- begin -----
2023-02-26T10:48:59.771676496-03:00 [INFO] Wainting action....
2023-02-26T10:48:59.771817786-03:00 [INFO] Action Down
2023-02-26T10:48:59.771870306-03:00 [INFO] Added command
2023-02-26T10:48:59.771891329-03:00 [INFO] Init runned
2023-02-26T10:48:59.772000351-03:00 [INFO] command 0
2023-02-26T10:48:59.772018440-03:00 [INFO]  ---- end -----
2023-02-26T10:48:59.786839007-03:00 [INFO] 

 ---- begin -----
2023-02-26T10:49:00.298648276-03:00 [INFO] Wainting action....
2023-02-26T10:49:00.299187382-03:00 [INFO] Action Right
2023-02-26T10:49:00.299336843-03:00 [INFO] Added command
2023-02-26T10:49:00.299400329-03:00 [INFO] Init runned
2023-02-26T10:49:00.299492729-03:00 [INFO] command 0
2023-02-26T10:49:00.299548812-03:00 [INFO]  ---- end -----
2023-02-26T10:49:00.319693884-03:00 [INFO] 

 ---- begin -----
2023-02-26T10:49:00.807936836-03:00 [INFO] Wainting action....
2023-02-26T10:49:00.808089230-03:00 [INFO] Action Right
2023-02-26T10:49:00.808154112-03:00 [INFO] Added command
2023-02-26T10:49:00.808185122-03:00 [INFO] Init runned
2023-02-26T10:49:00.808237782-03:00 [INFO] command 0
2023-02-26T10:49:00.808270678-03:00 [INFO]  ---- end -----
2023-02-26T10:49:00.813410171-03:00 [INFO] 

 ---- begin -----
2023-02-26T10:49:03.805473510-03:00 [INFO] Wainting action....
2023-02-26T10:49:03.805640780-03:00 [INFO] Action Left
2023-02-26T10:49:03.805710552-03:00 [INFO] Added command
2023-02-26T10:49:03.805753923-03:00 [INFO] Init runned
2023-02-26T10:49:03.805818806-03:00 [INFO] command 0
2023-02-26T10:49:03.805841644-03:00 [INFO]  ---- end -----
2023-02-26T10:49:03.813205519-03:00 [INFO] 

 ---- begin -----
2023-02-26T10:49:05.745708469-03:00 [INFO] Wainting action....
2023-02-26T10:49:05.745906958-03:00 [INFO] Action Left
2023-02-26T10:49:05.745995168-03:00 [INFO] Added command
2023-02-26T10:49:05.746035676-03:00 [INFO] Init runned
2023-02-26T10:49:05.746110406-03:00 [INFO] command 0
2023-02-26T10:49:05.746165232-03:00 [INFO]  ---- end -----
2023-02-26T10:49:05.752610623-03:00 [INFO] 

 ---- begin -----
2023-02-26T10:49:09.219680435-03:00 [INFO] Wainting action....
2023-02-26T10:49:09.219827242-03:00 [INFO] Action Up
2023-02-26T10:49:09.219878436-03:00 [INFO] Added command
2023-02-26T10:49:09.219895198-03:00 [INFO] Init runned
2023-02-26T10:49:09.219935706-03:00 [INFO] command 0
2023-02-26T10:49:09.219956798-03:00 [INFO]  ---- end -----
2023-02-26T10:49:09.225779483-03:00 [INFO] 

 ---- begin -----
2023-02-26T10:54:03.073213692-03:00 [INFO] Wainting action....
2023-02-26T10:54:03.073433136-03:00 [INFO] Action Down
2023-02-26T10:54:03.073530915-03:00 [INFO] Added command
2023-02-26T10:54:03.073587137-03:00 [INFO] Init runned
2023-02-26T10:54:03.073686453-03:00 [INFO] command 0
2023-02-26T10:54:03.073745539-03:00 [INFO]  ---- end -----
2023-02-26T10:54:03.079575263-03:00 [INFO] 

 ---- begin -----
2023-02-26T10:54:03.481263994-03:00 [INFO] Wainting action....
2023-02-26T10:54:03.481488956-03:00 [INFO] Action Quit
2023-02-26T10:54:03.481648615-03:00 [INFO] Added command
2023-02-26T10:54:03.481707981-03:00 [INFO] Init runned
2023-02-26T10:54:03.481741784-03:00 [INFO] command 0
2023-02-26T10:54:03.481782852-03:00 [INFO]  ---- end -----
2023-02-26T10:54:10.404584636-03:00 [INFO] 

 ---- begin -----
2023-02-26T10:54:10.405853179-03:00 [INFO] Wainting action....
2023-02-26T10:54:11.721563166-03:00 [INFO] Action Up
2023-02-26T10:54:11.721881856-03:00 [INFO] Added command
2023-02-26T10:54:11.721933888-03:00 [INFO] Init runned
2023-02-26T10:54:11.722015045-03:00 [INFO] command 0
2023-02-26T10:54:11.722057089-03:00 [INFO]  ---- end -----
2023-02-26T10:54:11.729196284-03:00 [INFO] 

 ---- begin -----
2023-02-26T10:54:11.729308311-03:00 [INFO] Wainting action....
2023-02-26T10:54:12.675271548-03:00 [INFO] Action Down
2023-02-26T10:54:12.675501049-03:00 [INFO] Added command
2023-02-26T10:54:12.675556225-03:00 [INFO] Init runned
2023-02-26T10:54:12.675645204-03:00 [INFO] command 0
2023-02-26T10:54:12.675690950-03:00 [INFO]  ---- end -----
2023-02-26T10:54:12.682505728-03:00 [INFO] 

 ---- begin -----
2023-02-26T10:54:12.682626904-03:00 [INFO] Wainting action....
2023-02-26T10:54:12.946214042-03:00 [INFO] Action Up
2023-02-26T10:54:12.946468128-03:00 [INFO] Added command
2023-02-26T10:54:12.946514364-03:00 [INFO] Init runned
2023-02-26T10:54:12.946606905-03:00 [INFO] command 0
2023-02-26T10:54:12.946653559-03:00 [INFO]  ---- end -----
2023-02-26T10:54:12.960719628-03:00 [INFO] 

 ---- begin -----
2023-02-26T10:54:12.960870767-03:00 [INFO] Wainting action....
2023-02-26T10:54:13.476116084-03:00 [INFO] Action Switch
2023-02-26T10:54:13.476339859-03:00 [INFO] Added command
2023-02-26T10:54:13.476387142-03:00 [INFO] Init runned
2023-02-26T10:54:13.476428558-03:00 [INFO] command 0
2023-02-26T10:54:13.476463829-03:00 [INFO]  ---- end -----
2023-02-26T10:54:13.492625372-03:00 [INFO] 

 ---- begin -----
2023-02-26T10:54:13.492822467-03:00 [INFO] Wainting action....
2023-02-26T10:54:13.916647552-03:00 [INFO] Action Switch
2023-02-26T10:54:13.916894514-03:00 [INFO] Added command
2023-02-26T10:54:13.916950527-03:00 [INFO] Init runned
2023-02-26T10:54:13.917010591-03:00 [INFO] command 0
2023-02-26T10:54:13.917059830-03:00 [INFO]  ---- end -----
2023-02-26T10:54:13.932118706-03:00 [INFO] 

 ---- begin -----
2023-02-26T10:54:13.932433065-03:00 [INFO] Wainting action....
2023-02-26T10:54:14.411465936-03:00 [INFO] Action Switch
2023-02-26T10:54:14.412513219-03:00 [INFO] Added command
2023-02-26T10:54:14.412818639-03:00 [INFO] Init runned
2023-02-26T10:54:14.412923891-03:00 [INFO] command 0
2023-02-26T10:54:14.412984165-03:00 [INFO]  ---- end -----
2023-02-26T10:54:14.432747399-03:00 [INFO] 

 ---- begin -----
2023-02-26T10:54:14.433206751-03:00 [INFO] Wainting action....
2023-02-26T10:54:14.837260649-03:00 [INFO] Action Down
2023-02-26T10:54:14.837491198-03:00 [INFO] Added command
2023-02-26T10:54:14.837538691-03:00 [INFO] Init runned
2023-02-26T10:54:14.837632140-03:00 [INFO] command 0
2023-02-26T10:54:14.837701842-03:00 [INFO]  ---- end -----
2023-02-26T10:54:14.853243816-03:00 [INFO] 

 ---- begin -----
2023-02-26T10:54:14.853429038-03:00 [INFO] Wainting action....
2023-02-26T10:54:15.213007178-03:00 [INFO] Action Submit
2023-02-26T10:54:15.213223270-03:00 [INFO] Added command
2023-02-26T10:54:15.213268667-03:00 [INFO] Init runned
2023-02-26T10:54:15.213378739-03:00 [INFO] command 0
2023-02-26T10:54:15.213452282-03:00 [INFO]  ---- end -----
2023-02-26T10:54:15.213501032-03:00 [INFO]  ** INIT SUBMIT
2023-02-26T10:54:15.233123814-03:00 [INFO] 

 ---- begin -----
2023-02-26T10:54:15.233628145-03:00 [INFO] Wainting action....
2023-02-26T10:54:15.264332222-03:00 [DEBUG] starting new connection: https://test-tuirs.free.beeceptor.com/
2023-02-26T10:54:16.092851898-03:00 [INFO]  ** END SUBMIT
2023-02-26T10:54:16.093205859-03:00 [INFO] Action Null
2023-02-26T10:54:16.093512396-03:00 [INFO] Added command
2023-02-26T10:54:16.093591597-03:00 [INFO] Init runned
2023-02-26T10:54:16.093648867-03:00 [INFO] command 0
2023-02-26T10:54:16.093712284-03:00 [INFO]  ---- end -----
2023-02-26T10:54:16.111219548-03:00 [INFO] 

 ---- begin -----
2023-02-26T10:54:16.111412102-03:00 [INFO] Wainting action....
2023-02-26T10:54:16.981076019-03:00 [INFO] Action Down
2023-02-26T10:54:16.981261729-03:00 [INFO] Added command
2023-02-26T10:54:16.981298885-03:00 [INFO] Init runned
2023-02-26T10:54:16.981376550-03:00 [INFO] command 0
2023-02-26T10:54:16.981424741-03:00 [INFO]  ---- end -----
2023-02-26T10:54:16.992968951-03:00 [INFO] 

 ---- begin -----
2023-02-26T10:54:16.993201036-03:00 [INFO] Wainting action....
2023-02-26T10:54:17.323025040-03:00 [INFO] Action Right
2023-02-26T10:54:17.323256777-03:00 [INFO] Added command
2023-02-26T10:54:17.323304549-03:00 [INFO] Init runned
2023-02-26T10:54:17.323402886-03:00 [INFO] command 0
2023-02-26T10:54:17.323455268-03:00 [INFO]  ---- end -----
2023-02-26T10:54:17.335812581-03:00 [INFO] 

 ---- begin -----
2023-02-26T10:54:17.336144680-03:00 [INFO] Wainting action....
2023-02-26T10:54:17.631245468-03:00 [INFO] Action Left
2023-02-26T10:54:17.631454436-03:00 [INFO] Added command
2023-02-26T10:54:17.631501160-03:00 [INFO] Init runned
2023-02-26T10:54:17.631578406-03:00 [INFO] command 0
2023-02-26T10:54:17.631624152-03:00 [INFO]  ---- end -----
2023-02-26T10:54:17.644346809-03:00 [INFO] 

 ---- begin -----
2023-02-26T10:54:17.644589371-03:00 [INFO] Wainting action....
2023-02-26T10:54:17.849140639-03:00 [INFO] Action Up
2023-02-26T10:54:17.849361061-03:00 [INFO] Added command
2023-02-26T10:54:17.849407227-03:00 [INFO] Init runned
2023-02-26T10:54:17.849493622-03:00 [INFO] command 0
2023-02-26T10:54:17.849534479-03:00 [INFO]  ---- end -----
2023-02-26T10:54:17.862052150-03:00 [INFO] 

 ---- begin -----
2023-02-26T10:54:17.862208037-03:00 [INFO] Wainting action....
2023-02-26T10:54:18.105177453-03:00 [INFO] Action Submit
2023-02-26T10:54:18.105401717-03:00 [INFO] Added command
2023-02-26T10:54:18.105447393-03:00 [INFO] Init runned
2023-02-26T10:54:18.105551388-03:00 [INFO] command 0
2023-02-26T10:54:18.105599300-03:00 [INFO]  ---- end -----
2023-02-26T10:54:18.105673053-03:00 [INFO]  ** INIT SUBMIT
2023-02-26T10:54:18.117247855-03:00 [INFO] 

 ---- begin -----
2023-02-26T10:54:18.117500195-03:00 [INFO] Wainting action....
2023-02-26T10:54:18.153134991-03:00 [DEBUG] starting new connection: https://test-tuirs.free.beeceptor.com/
2023-02-26T10:54:18.821902166-03:00 [INFO]  ** END SUBMIT
2023-02-26T10:54:18.822195223-03:00 [INFO] Action Null
2023-02-26T10:54:18.822349225-03:00 [INFO] Added command
2023-02-26T10:54:18.822392807-03:00 [INFO] Init runned
2023-02-26T10:54:18.822422839-03:00 [INFO] command 0
2023-02-26T10:54:18.822452871-03:00 [INFO]  ---- end -----
2023-02-26T10:54:18.833464815-03:00 [INFO] 

 ---- begin -----
2023-02-26T10:54:18.833598493-03:00 [INFO] Wainting action....
2023-02-26T10:54:19.229236173-03:00 [INFO] Action Down
2023-02-26T10:54:19.229474684-03:00 [INFO] Added command
2023-02-26T10:54:19.229521409-03:00 [INFO] Init runned
2023-02-26T10:54:19.229609200-03:00 [INFO] command 0
2023-02-26T10:54:19.229657810-03:00 [INFO]  ---- end -----
2023-02-26T10:54:19.241686377-03:00 [INFO] 

 ---- begin -----
2023-02-26T10:54:19.241847014-03:00 [INFO] Wainting action....
2023-02-26T10:54:19.555071437-03:00 [INFO] Action Right
2023-02-26T10:54:19.555286690-03:00 [INFO] Added command
2023-02-26T10:54:19.555345846-03:00 [INFO] Init runned
2023-02-26T10:54:19.555443067-03:00 [INFO] command 0
2023-02-26T10:54:19.555492515-03:00 [INFO]  ---- end -----
2023-02-26T10:54:19.568972611-03:00 [INFO] 

 ---- begin -----
2023-02-26T10:54:19.569160416-03:00 [INFO] Wainting action....
2023-02-26T10:54:20.132200126-03:00 [INFO] Action Left
2023-02-26T10:54:20.132451069-03:00 [INFO] Added command
2023-02-26T10:54:20.132497444-03:00 [INFO] Init runned
2023-02-26T10:54:20.132578391-03:00 [INFO] command 0
2023-02-26T10:54:20.132622182-03:00 [INFO]  ---- end -----
2023-02-26T10:54:20.145661644-03:00 [INFO] 

 ---- begin -----
2023-02-26T10:54:20.145822980-03:00 [INFO] Wainting action....
2023-02-26T10:54:20.440304218-03:00 [INFO] Action Up
2023-02-26T10:54:20.440515979-03:00 [INFO] Added command
2023-02-26T10:54:20.440601955-03:00 [INFO] Init runned
2023-02-26T10:54:20.440690445-03:00 [INFO] command 0
2023-02-26T10:54:20.440735144-03:00 [INFO]  ---- end -----
2023-02-26T10:54:20.453271253-03:00 [INFO] 

 ---- begin -----
2023-02-26T10:54:20.453465415-03:00 [INFO] Wainting action....
2023-02-26T10:54:20.608295223-03:00 [INFO] Action Up
2023-02-26T10:54:20.608521372-03:00 [INFO] Added command
2023-02-26T10:54:20.608571518-03:00 [INFO] Init runned
2023-02-26T10:54:20.608685501-03:00 [INFO] command 0
2023-02-26T10:54:20.608750384-03:00 [INFO]  ---- end -----
2023-02-26T10:54:20.620907740-03:00 [INFO] 

 ---- begin -----
2023-02-26T10:54:20.621079202-03:00 [INFO] Wainting action....
2023-02-26T10:54:20.831954273-03:00 [INFO] Action Switch
2023-02-26T10:54:20.832147666-03:00 [INFO] Added command
2023-02-26T10:54:20.832192085-03:00 [INFO] Init runned
2023-02-26T10:54:20.832224702-03:00 [INFO] command 0
2023-02-26T10:54:20.832263674-03:00 [INFO]  ---- end -----
2023-02-26T10:54:20.843960001-03:00 [INFO] 

 ---- begin -----
2023-02-26T10:54:20.844120289-03:00 [INFO] Wainting action....
2023-02-26T10:54:21.579395055-03:00 [INFO] Action Down
2023-02-26T10:54:21.579642576-03:00 [INFO] Added command
2023-02-26T10:54:21.579689859-03:00 [INFO] Init runned
2023-02-26T10:54:21.579778628-03:00 [INFO] command 0
2023-02-26T10:54:21.579845886-03:00 [INFO]  ---- end -----
2023-02-26T10:54:21.593182806-03:00 [INFO] 

 ---- begin -----
2023-02-26T10:54:21.593357481-03:00 [INFO] Wainting action....
2023-02-26T10:54:21.783142947-03:00 [INFO] Action Submit
2023-02-26T10:54:21.783351496-03:00 [INFO] Added command
2023-02-26T10:54:21.783396963-03:00 [INFO] Init runned
2023-02-26T10:54:21.783509968-03:00 [INFO] command 0
2023-02-26T10:54:21.783568635-03:00 [INFO]  ---- end -----
2023-02-26T10:54:21.783627791-03:00 [INFO]  ** INIT SUBMIT
2023-02-26T10:54:21.797518211-03:00 [INFO] 

 ---- begin -----
2023-02-26T10:54:21.797983080-03:00 [INFO] Wainting action....
2023-02-26T10:54:21.827939432-03:00 [DEBUG] starting new connection: http://localhost:5000/
2023-02-26T10:54:21.835526666-03:00 [INFO]  ** END SUBMIT
2023-02-26T10:54:21.835663836-03:00 [INFO] Action Null
2023-02-26T10:54:21.835832784-03:00 [INFO] Added command
2023-02-26T10:54:21.835886702-03:00 [INFO] Init runned
2023-02-26T10:54:21.835928188-03:00 [INFO] command 0
2023-02-26T10:54:21.835971001-03:00 [INFO]  ---- end -----
2023-02-26T10:54:21.848963320-03:00 [INFO] 

 ---- begin -----
2023-02-26T10:54:21.849170821-03:00 [INFO] Wainting action....
2023-02-26T10:54:22.277417627-03:00 [INFO] Action Right
2023-02-26T10:54:22.277633439-03:00 [INFO] Added command
2023-02-26T10:54:22.277678627-03:00 [INFO] Init runned
2023-02-26T10:54:22.277783949-03:00 [INFO] command 0
2023-02-26T10:54:22.277826832-03:00 [INFO]  ---- end -----
2023-02-26T10:54:22.292057453-03:00 [INFO] 

 ---- begin -----
2023-02-26T10:54:22.292248541-03:00 [INFO] Wainting action....
2023-02-26T10:54:22.569374014-03:00 [INFO] Action Left
2023-02-26T10:54:22.569585356-03:00 [INFO] Added command
2023-02-26T10:54:22.569630684-03:00 [INFO] Init runned
2023-02-26T10:54:22.569708418-03:00 [INFO] command 0
2023-02-26T10:54:22.569748438-03:00 [INFO]  ---- end -----
2023-02-26T10:54:22.584758078-03:00 [INFO] 

 ---- begin -----
2023-02-26T10:54:22.584971795-03:00 [INFO] Wainting action....
2023-02-26T10:54:23.060326168-03:00 [INFO] Action Up
2023-02-26T10:54:23.060542819-03:00 [INFO] Added command
2023-02-26T10:54:23.060592966-03:00 [INFO] Init runned
2023-02-26T10:54:23.060706529-03:00 [INFO] command 0
2023-02-26T10:54:23.060768549-03:00 [INFO]  ---- end -----
2023-02-26T10:54:23.075133756-03:00 [INFO] 

 ---- begin -----
2023-02-26T10:54:23.075323237-03:00 [INFO] Wainting action....
2023-02-26T10:54:23.366424274-03:00 [INFO] Action Down
2023-02-26T10:54:23.366634918-03:00 [INFO] Added command
2023-02-26T10:54:23.366685274-03:00 [INFO] Init runned
2023-02-26T10:54:23.366779212-03:00 [INFO] command 0
2023-02-26T10:54:23.366843607-03:00 [INFO]  ---- end -----
2023-02-26T10:54:23.381505154-03:00 [INFO] 

 ---- begin -----
2023-02-26T10:54:23.381807989-03:00 [INFO] Wainting action....
2023-02-26T10:54:24.050242791-03:00 [INFO] Action Switch
2023-02-26T10:54:24.050481512-03:00 [INFO] Added command
2023-02-26T10:54:24.050535919-03:00 [INFO] Init runned
2023-02-26T10:54:24.050628041-03:00 [INFO] command 0
2023-02-26T10:54:24.050689781-03:00 [INFO]  ---- end -----
2023-02-26T10:54:24.062930599-03:00 [INFO] 

 ---- begin -----
2023-02-26T10:54:24.063110373-03:00 [INFO] Wainting action....
2023-02-26T10:54:24.286326993-03:00 [INFO] Action Switch
2023-02-26T10:54:24.286538894-03:00 [INFO] Added command
2023-02-26T10:54:24.286584082-03:00 [INFO] Init runned
2023-02-26T10:54:24.286684585-03:00 [INFO] command 0
2023-02-26T10:54:24.286785996-03:00 [INFO]  ---- end -----
2023-02-26T10:54:24.300326716-03:00 [INFO] 

 ---- begin -----
2023-02-26T10:54:24.300732848-03:00 [INFO] Wainting action....
2023-02-26T10:54:24.576314333-03:00 [INFO] Action Switch
2023-02-26T10:54:24.576527980-03:00 [INFO] Added command
2023-02-26T10:54:24.576574006-03:00 [INFO] Init runned
2023-02-26T10:54:24.576660680-03:00 [INFO] command 0
2023-02-26T10:54:24.576728357-03:00 [INFO]  ---- end -----
2023-02-26T10:54:24.589354774-03:00 [INFO] 

 ---- begin -----
2023-02-26T10:54:24.589541252-03:00 [INFO] Wainting action....
2023-02-26T10:54:24.782223365-03:00 [INFO] Action Right
2023-02-26T10:54:24.782430028-03:00 [INFO] Added command
2023-02-26T10:54:24.782476962-03:00 [INFO] Init runned
2023-02-26T10:54:24.782574322-03:00 [INFO] command 0
2023-02-26T10:54:24.782649123-03:00 [INFO]  ---- end -----
2023-02-26T10:54:24.796802359-03:00 [INFO] 

 ---- begin -----
2023-02-26T10:54:24.796975568-03:00 [INFO] Wainting action....
2023-02-26T10:54:25.000263214-03:00 [INFO] Action Switch
2023-02-26T10:54:25.000476442-03:00 [INFO] Added command
2023-02-26T10:54:25.000523795-03:00 [INFO] Init runned
2023-02-26T10:54:25.000612983-03:00 [INFO] command 0
2023-02-26T10:54:25.000683174-03:00 [INFO]  ---- end -----
2023-02-26T10:54:25.012695888-03:00 [INFO] 

 ---- begin -----
2023-02-26T10:54:25.012870493-03:00 [INFO] Wainting action....
2023-02-26T10:54:25.634176456-03:00 [INFO] Action Left
2023-02-26T10:54:25.634444650-03:00 [INFO] Added command
2023-02-26T10:54:25.634497241-03:00 [INFO] Init runned
2023-02-26T10:54:25.634588734-03:00 [INFO] command 0
2023-02-26T10:54:25.634643630-03:00 [INFO]  ---- end -----
2023-02-26T10:54:25.649546553-03:00 [INFO] 

 ---- begin -----
2023-02-26T10:54:25.649947796-03:00 [INFO] Wainting action....
2023-02-26T10:54:25.665148316-03:00 [INFO] Action Left
2023-02-26T10:54:25.665475037-03:00 [INFO] Added command
2023-02-26T10:54:25.665553261-03:00 [INFO] Init runned
2023-02-26T10:54:25.665698882-03:00 [INFO] command 0
2023-02-26T10:54:25.665756571-03:00 [INFO]  ---- end -----
2023-02-26T10:54:25.680273057-03:00 [INFO] 

 ---- begin -----
2023-02-26T10:54:25.680530216-03:00 [INFO] Wainting action....
2023-02-26T10:54:25.888384078-03:00 [INFO] Action Up
2023-02-26T10:54:25.888603592-03:00 [INFO] Added command
2023-02-26T10:54:25.888664913-03:00 [INFO] Init runned
2023-02-26T10:54:25.888768210-03:00 [INFO] command 0
2023-02-26T10:54:25.888830648-03:00 [INFO]  ---- end -----
2023-02-26T10:54:25.903854049-03:00 [INFO] 

 ---- begin -----
2023-02-26T10:54:25.904084528-03:00 [INFO] Wainting action....
2023-02-26T10:54:26.059397662-03:00 [INFO] Action Up
2023-02-26T10:54:26.059627164-03:00 [INFO] Added command
2023-02-26T10:54:26.059690022-03:00 [INFO] Init runned
2023-02-26T10:54:26.059797998-03:00 [INFO] command 0
2023-02-26T10:54:26.059861414-03:00 [INFO]  ---- end -----
2023-02-26T10:54:26.073316299-03:00 [INFO] 

 ---- begin -----
2023-02-26T10:54:26.073481406-03:00 [INFO] Wainting action....
2023-02-26T10:54:26.211406356-03:00 [INFO] Action Switch
2023-02-26T10:54:26.211632505-03:00 [INFO] Added command
2023-02-26T10:54:26.211691732-03:00 [INFO] Init runned
2023-02-26T10:54:26.211745650-03:00 [INFO] command 0
2023-02-26T10:54:26.211794609-03:00 [INFO]  ---- end -----
2023-02-26T10:54:26.225449452-03:00 [INFO] 

 ---- begin -----
2023-02-26T10:54:26.225617842-03:00 [INFO] Wainting action....
2023-02-26T10:54:26.415443139-03:00 [INFO] Action Switch
2023-02-26T10:54:26.415668868-03:00 [INFO] Added command
2023-02-26T10:54:26.415727536-03:00 [INFO] Init runned
2023-02-26T10:54:26.415781943-03:00 [INFO] command 0
2023-02-26T10:54:26.415830483-03:00 [INFO]  ---- end -----
2023-02-26T10:54:26.427872112-03:00 [INFO] 

 ---- begin -----
2023-02-26T10:54:26.428102102-03:00 [INFO] Wainting action....
2023-02-26T10:54:26.603251394-03:00 [INFO] Action Switch
2023-02-26T10:54:26.603475168-03:00 [INFO] Added command
2023-02-26T10:54:26.603535651-03:00 [INFO] Init runned
2023-02-26T10:54:26.603590896-03:00 [INFO] command 0
2023-02-26T10:54:26.603643068-03:00 [INFO]  ---- end -----
2023-02-26T10:54:26.615829550-03:00 [INFO] 

 ---- begin -----
2023-02-26T10:54:26.616065826-03:00 [INFO] Wainting action....
2023-02-26T10:54:27.079216370-03:00 [INFO] Action Down
2023-02-26T10:54:27.079455300-03:00 [INFO] Added command
2023-02-26T10:54:27.079501256-03:00 [INFO] Init runned
2023-02-26T10:54:27.079595404-03:00 [INFO] command 0
2023-02-26T10:54:27.079659169-03:00 [INFO]  ---- end -----
2023-02-26T10:54:27.091521374-03:00 [INFO] 

 ---- begin -----
2023-02-26T10:54:27.091745846-03:00 [INFO] Wainting action....
2023-02-26T10:54:27.335275030-03:00 [INFO] Action Submit
2023-02-26T10:54:27.335487280-03:00 [INFO] Added command
2023-02-26T10:54:27.335532189-03:00 [INFO] Init runned
2023-02-26T10:54:27.335645124-03:00 [INFO] command 0
2023-02-26T10:54:27.335706515-03:00 [INFO]  ---- end -----
2023-02-26T10:54:27.335739411-03:00 [INFO]  ** INIT SUBMIT
2023-02-26T10:54:27.347368971-03:00 [INFO] 

 ---- begin -----
2023-02-26T10:54:27.347836494-03:00 [INFO] Wainting action....
2023-02-26T10:54:27.380612937-03:00 [DEBUG] starting new connection: http://192.168.1.17/
2023-02-26T10:54:29.275410193-03:00 [INFO] Action Up
2023-02-26T10:54:29.275671333-03:00 [INFO] Added command
2023-02-26T10:54:29.275720082-03:00 [INFO] Init runned
2023-02-26T10:54:29.275802007-03:00 [INFO] command 0
2023-02-26T10:54:29.275852433-03:00 [INFO]  ---- end -----
2023-02-26T10:54:29.283490723-03:00 [INFO] 

 ---- begin -----
2023-02-26T10:54:29.283778193-03:00 [INFO] Wainting action....
2023-02-26T10:54:29.480386575-03:00 [INFO] Action Switch
2023-02-26T10:54:29.480598127-03:00 [INFO] Added command
2023-02-26T10:54:29.480649252-03:00 [INFO] Init runned
2023-02-26T10:54:29.480705754-03:00 [INFO] command 0
2023-02-26T10:54:29.480756599-03:00 [INFO]  ---- end -----
2023-02-26T10:54:29.491978421-03:00 [INFO] 

 ---- begin -----
2023-02-26T10:54:29.492195700-03:00 [INFO] Wainting action....
2023-02-26T10:54:30.006818771-03:00 [INFO] Action Down
2023-02-26T10:54:30.007298726-03:00 [INFO] Added command
2023-02-26T10:54:30.007387356-03:00 [INFO] Init runned
2023-02-26T10:54:30.007567688-03:00 [INFO] command 0
2023-02-26T10:54:30.007644305-03:00 [INFO]  ---- end -----
2023-02-26T10:54:30.022657580-03:00 [INFO] 

 ---- begin -----
2023-02-26T10:54:30.022911805-03:00 [INFO] Wainting action....
2023-02-26T10:54:30.410428338-03:00 [INFO]  ** END SUBMIT
2023-02-26T10:54:30.410655954-03:00 [INFO] Action Null
2023-02-26T10:54:30.410834191-03:00 [INFO] Added command
2023-02-26T10:54:30.410881405-03:00 [INFO] Init runned
2023-02-26T10:54:30.410923310-03:00 [INFO] command 0
2023-02-26T10:54:30.410969615-03:00 [INFO]  ---- end -----
2023-02-26T10:54:30.417442658-03:00 [INFO] 

 ---- begin -----
2023-02-26T10:54:30.417513618-03:00 [INFO] Wainting action....
2023-02-26T10:54:30.552172201-03:00 [INFO] Action Switch
2023-02-26T10:54:30.552401493-03:00 [INFO] Added command
2023-02-26T10:54:30.552447310-03:00 [INFO] Init runned
2023-02-26T10:54:30.552517850-03:00 [INFO] command 0
2023-02-26T10:54:30.552554937-03:00 [INFO]  ---- end -----
2023-02-26T10:54:30.558661308-03:00 [INFO] 

 ---- begin -----
2023-02-26T10:54:30.558787722-03:00 [INFO] Wainting action....
2023-02-26T10:54:31.252551038-03:00 [INFO] Action Submit
2023-02-26T10:54:31.252778654-03:00 [INFO] Added command
2023-02-26T10:54:31.252824401-03:00 [INFO] Init runned
2023-02-26T10:54:31.252928466-03:00 [INFO] command 0
2023-02-26T10:54:31.253027222-03:00 [INFO]  ** INIT SUBMIT
2023-02-26T10:54:31.253186113-03:00 [INFO]  ---- end -----
2023-02-26T10:54:31.264460108-03:00 [INFO] 

 ---- begin -----
2023-02-26T10:54:31.264946209-03:00 [INFO] Wainting action....
2023-02-26T10:54:31.287865549-03:00 [DEBUG] starting new connection: https://test-tuirs.free.beeceptor.com/
2023-02-26T10:54:31.727425410-03:00 [INFO] Action Down
2023-02-26T10:54:31.727677052-03:00 [INFO] Added command
2023-02-26T10:54:31.727761980-03:00 [INFO] Init runned
2023-02-26T10:54:31.727925201-03:00 [INFO] command 0
2023-02-26T10:54:31.727987221-03:00 [INFO]  ---- end -----
2023-02-26T10:54:31.735241938-03:00 [INFO] 

 ---- begin -----
2023-02-26T10:54:31.735359203-03:00 [INFO] Wainting action....
2023-02-26T10:54:31.935524586-03:00 [INFO]  ** END SUBMIT
2023-02-26T10:54:31.935687039-03:00 [INFO] Action Null
2023-02-26T10:54:31.935767636-03:00 [INFO] Added command
2023-02-26T10:54:31.935798646-03:00 [INFO] Init runned
2023-02-26T10:54:31.935819669-03:00 [INFO] command 0
2023-02-26T10:54:31.935839085-03:00 [INFO]  ---- end -----
2023-02-26T10:54:31.945957541-03:00 [INFO] 

 ---- begin -----
2023-02-26T10:54:31.946123835-03:00 [INFO] Wainting action....
2023-02-26T10:54:32.305348084-03:00 [INFO] Action Right
2023-02-26T10:54:32.305572767-03:00 [INFO] Added command
2023-02-26T10:54:32.305639117-03:00 [INFO] Init runned
2023-02-26T10:54:32.305745067-03:00 [INFO] command 0
2023-02-26T10:54:32.305799195-03:00 [INFO]  ---- end -----
2023-02-26T10:54:32.318065158-03:00 [INFO] 

 ---- begin -----
2023-02-26T10:54:32.318418211-03:00 [INFO] Wainting action....
2023-02-26T10:54:32.886215241-03:00 [INFO] Action Left
2023-02-26T10:54:32.886443276-03:00 [INFO] Added command
2023-02-26T10:54:32.886488254-03:00 [INFO] Init runned
2023-02-26T10:54:32.886576465-03:00 [INFO] command 0
2023-02-26T10:54:32.886639462-03:00 [INFO]  ---- end -----
2023-02-26T10:54:32.899259595-03:00 [INFO] 

 ---- begin -----
2023-02-26T10:54:32.899911991-03:00 [INFO] Wainting action....
2023-02-26T10:54:33.259555859-03:00 [INFO] Action Up
2023-02-26T10:54:33.259776840-03:00 [INFO] Added command
2023-02-26T10:54:33.259836485-03:00 [INFO] Init runned
2023-02-26T10:54:33.259945509-03:00 [INFO] command 0
2023-02-26T10:54:33.259999846-03:00 [INFO]  ---- end -----
2023-02-26T10:54:33.277463325-03:00 [INFO] 

 ---- begin -----
2023-02-26T10:54:33.278035542-03:00 [INFO] Wainting action....
2023-02-26T10:54:33.837503206-03:00 [INFO] Action Quit
2023-02-26T10:54:33.837759667-03:00 [INFO] Added command
2023-02-26T10:54:33.837859401-03:00 [INFO] Init runned
2023-02-26T10:54:33.837924285-03:00 [INFO] command 0
2023-02-26T10:54:33.837981485-03:00 [INFO]  ---- end -----
2023-02-26T10:56:27.953744410-03:00 [INFO] 

 ---- begin -----
2023-02-26T10:56:27.955079097-03:00 [INFO] Wainting action....
